Added Component: Designator=C?(0603)
Add component. Clean all parameters for all variants
Added Component: Designator=C?(0603)
Add component. Clean all parameters for all variants
Added Component: Designator=CT?(C1206)
Add component. Clean all parameters for all variants
Added Component: Designator=CT?(C1206)
Add component. Clean all parameters for all variants
Added Component: Designator=CT?(C1206)
Add component. Clean all parameters for all variants
Added Component: Designator=CT?(C1206)
Add component. Clean all parameters for all variants
Added Component: Designator=CT?(C1206)
Add component. Clean all parameters for all variants
Added Component: Designator=CT?(C1206)
Add component. Clean all parameters for all variants
Added Component: Designator=D?(LED_1206)
Add component. Clean all parameters for all variants
Added Component: Designator=D?(LED_1206)
Add component. Clean all parameters for all variants
Added Component: Designator=L?(L0520)
Add component. Clean all parameters for all variants
Added Component: Designator=P?(HDR1X2)
Add component. Clean all parameters for all variants
Add component (AddParameter): Name = "LatestRevisionDate"; Value = "17-Jul-2002"; VariantName = "[No Variations]"
Add component (AddParameter): Name = "LatestRevisionNote"; Value = "Re-released for DXP Platform."; VariantName = "[No Variations]"
Add component (AddParameter): Name = "Publisher"; Value = "Altium Limited"; VariantName = "[No Variations]"
Added Component: Designator=R?(R0603)
Add component. Clean all parameters for all variants
Added Component: Designator=R?(R0603)
Add component. Clean all parameters for all variants
Added Component: Designator=R?(R0603)
Add component. Clean all parameters for all variants
Added Component: Designator=R?(R0603)
Add component. Clean all parameters for all variants
Added Component: Designator=USBC?(USB-TYPE-C_20PIN-FEMALE_TYPE-C-31-M-14)
Add component. Clean all parameters for all variants
Added Pin To Net: NetName=+3.3 Pin=CT?-1
Added Pin To Net: NetName=+3.3 Pin=CT?-1
Added Pin To Net: NetName=+3.3 Pin=U?-A1
Added Pin To Net: NetName=+3.3 Pin=U?-A2
Added Pin To Net: NetName=+3.3 Pin=U?-A3
Added Pin To Net: NetName=+3.3 Pin=U?-A4
Added Net: Name=+3.3
Added Pin To Net: NetName=BP_OUT Pin=C?-2
Added Pin To Net: NetName=BP_OUT Pin=CT?-1
Added Pin To Net: NetName=BP_OUT Pin=CT?-1
Added Pin To Net: NetName=BP_OUT Pin=U?-2
Added Pin To Net: NetName=BP_OUT Pin=U?-3
Added Pin To Net: NetName=BP_OUT Pin=U?-B4
Added Pin To Net: NetName=BP_OUT Pin=U?-D4
Added Pin To Net: NetName=BP_OUT Pin=U?-E1
Added Pin To Net: NetName=BP_OUT Pin=U?-E2
Added Pin To Net: NetName=BP_OUT Pin=U?-E3
Added Pin To Net: NetName=BP_OUT Pin=U?-E4
Added Net: Name=BP_OUT
Added Pin To Net: NetName=D+ Pin=USBC?-A6
Added Pin To Net: NetName=D+ Pin=USBC?-B6
Added Net: Name=D+
Added Pin To Net: NetName=D- Pin=USBC?-A7
Added Pin To Net: NetName=D- Pin=USBC?-B7
Added Net: Name=D-
Added Pin To Net: NetName=GND Pin=C?-1
Added Pin To Net: NetName=GND Pin=C?-2
Added Pin To Net: NetName=GND Pin=CT?-2
Added Pin To Net: NetName=GND Pin=CT?-2
Added Pin To Net: NetName=GND Pin=CT?-2
Added Pin To Net: NetName=GND Pin=CT?-2
Added Pin To Net: NetName=GND Pin=CT?-2
Added Pin To Net: NetName=GND Pin=CT?-2
Added Pin To Net: NetName=GND Pin=P?-2
Added Pin To Net: NetName=GND Pin=R?-1
Added Pin To Net: NetName=GND Pin=R?-2
Added Pin To Net: NetName=GND Pin=R?-2
Added Pin To Net: NetName=GND Pin=U?-8
Added Pin To Net: NetName=GND Pin=U?-C1
Added Pin To Net: NetName=GND Pin=U?-C2
Added Pin To Net: NetName=GND Pin=U?-C3
Added Pin To Net: NetName=GND Pin=U?-C4
Added Pin To Net: NetName=GND Pin=USBC?-A1B12
Added Pin To Net: NetName=GND Pin=USBC?-B1A12
Added Net: Name=GND
Added Pin To Net: NetName=NetCT?_1 Pin=CT?-1
Added Pin To Net: NetName=NetCT?_1 Pin=P?-1
Added Pin To Net: NetName=NetCT?_1 Pin=U?-4
Added Net: Name=NetCT?_1
Added Pin To Net: NetName=NetD?_1 Pin=D?-1
Added Pin To Net: NetName=NetD?_1 Pin=D?-1
Added Pin To Net: NetName=NetD?_1 Pin=R?-2
Added Net: Name=NetD?_1
Added Pin To Net: NetName=NetD?_2 Pin=D?-2
Added Pin To Net: NetName=NetD?_2 Pin=U?-5
Added Net: Name=NetD?_2
Added Pin To Net: NetName=NetL?_1 Pin=L?-1
Added Pin To Net: NetName=NetL?_1 Pin=U?-D1
Added Pin To Net: NetName=NetL?_1 Pin=U?-D2
Added Pin To Net: NetName=NetL?_1 Pin=U?-D3
Added Net: Name=NetL?_1
Added Pin To Net: NetName=NetL?_2 Pin=L?-2
Added Pin To Net: NetName=NetL?_2 Pin=U?-B1
Added Pin To Net: NetName=NetL?_2 Pin=U?-B2
Added Pin To Net: NetName=NetL?_2 Pin=U?-B3
Added Net: Name=NetL?_2
Added Pin To Net: NetName=NetR?_1 Pin=R?-1
Added Pin To Net: NetName=NetR?_1 Pin=U?-7
Added Net: Name=NetR?_1
Added Pin To Net: NetName=NetR?_2 Pin=R?-2
Added Pin To Net: NetName=NetR?_2 Pin=USBC?-B5
Added Net: Name=NetR?_2
Added Pin To Net: NetName=VBUS_5V Pin=C?-1
Added Pin To Net: NetName=VBUS_5V Pin=CT?-1
Added Pin To Net: NetName=VBUS_5V Pin=R?-1
Added Pin To Net: NetName=VBUS_5V Pin=U?-1
Added Pin To Net: NetName=VBUS_5V Pin=USBC?-A4B9
Added Pin To Net: NetName=VBUS_5V Pin=USBC?-B4A9
Added Net: Name=VBUS_5V
Added Member To Class: ClassName=main Member=Component C? 100nF
Added Member To Class: ClassName=main Member=Component C? 100nF
Added Member To Class: ClassName=main Member=Component CT? 10uF
Added Member To Class: ClassName=main Member=Component CT? 10uF
Added Member To Class: ClassName=main Member=Component CT? 10uF
Added Member To Class: ClassName=main Member=Component CT? 10uF
Added Member To Class: ClassName=main Member=Component CT? 47uF
Added Member To Class: ClassName=main Member=Component CT? 22uF
Added Member To Class: ClassName=main Member=Component D? LED
Added Member To Class: ClassName=main Member=Component D? LED
Added Member To Class: ClassName=main Member=Component L? L/A
Added Member To Class: ClassName=main Member=Component P? Header 2
Added Member To Class: ClassName=main Member=Component R? 1K
Added Member To Class: ClassName=main Member=Component R? 5.1K
Added Member To Class: ClassName=main Member=Component R? 5.1K
Added Member To Class: ClassName=main Member=Component R? 1.2K
Added Member To Class: ClassName=main Member=Component U? TP410x
Added Member To Class: ClassName=main Member=Component U? ESP32-D0WDQ6
Added Member To Class: ClassName=main Member=Component USBC? TYPE-C-31-M-14
