Removed Pin From Net: NetName=+3.3 Pin=C14-1
Removed Pin From Net: NetName=GND Pin=C14-2
Removed Pin From Net: NetName=+3.3 Pin=C17-1
Removed Pin From Net: NetName=GND Pin=C17-2
Removed Pin From Net: NetName=GND Pin=C18-1
Removed Pin From Net: NetName=+3.3 Pin=C18-2
Change Component DesignItemId : Designator=C14 Old DesignItemId=CAP1 New DesignItemId=Capacitor
Change Component DesignItemId : Designator=C17 Old DesignItemId=CAP1 New DesignItemId=Capacitor
Change Component DesignItemId : Designator=C18 Old DesignItemId=CAP1 New DesignItemId=Capacitor
Change Component Footprint: Designator=C3 Old Footprint=0603 New Footprint=C0603
Change Component Footprint: Designator=C6 Old Footprint=0603 New Footprint=C0603
Change Component Footprint: Designator=C9 Old Footprint=0603 New Footprint=C0603
Change Component Footprint: Designator=C11 Old Footprint=0603 New Footprint=C0603
Change Component Footprint: Designator=C14 Old Footprint=0805 New Footprint=C0603
Change Component Footprint: Designator=C17 Old Footprint=0805 New Footprint=C0603
Change Component Footprint: Designator=C18 Old Footprint=0805 New Footprint=C0603
Change Component Footprint: Designator=C20 Old Footprint=0805 New Footprint=C0603
Change Component Footprint: Designator=C26 Old Footprint=0805 New Footprint=C0603
Change Component Library : Designator=C14 Old Library=常用.IntLib New Library=常用2.IntLib
Change Component Library : Designator=C17 Old Library=常用.IntLib New Library=常用2.IntLib
Change Component Library : Designator=C18 Old Library=常用.IntLib New Library=常用2.IntLib
Added Pin To Net: NetName=GND Pin=C14-1
Added Pin To Net: NetName=+3.3 Pin=C14-2
Added Pin To Net: NetName=GND Pin=C17-1
Added Pin To Net: NetName=+3.3 Pin=C17-2
Added Pin To Net: NetName=+3.3 Pin=C18-1
Added Pin To Net: NetName=GND Pin=C18-2
Added Room: Name=main
